Arguments: 
  /usr/local/Cellar/node/11.6.0/bin/node /usr/local/bin/yarn add knex knex-cleaner apollo-server bcryptsjs cors helmet faker graphql jsonwebtoken pg

PATH: 
  /Users/shauncarmody/Library/Android/sdk/platform-tools:/usr/local/bin:/usr/bin:/bin:/usr/sbin:/sbin

Yarn version: 
  1.12.3

Node version: 
  11.6.0

Platform: 
  darwin x64

Trace: 
  Error: https://registry.yarnpkg.com/bcryptsjs: Not found
      at Request.params.callback [as _callback] (/usr/local/lib/node_modules/yarn/lib/cli.js:65894:18)
      at Request.self.callback (/usr/local/lib/node_modules/yarn/lib/cli.js:129018:22)
      at Request.emit (events.js:188:13)
      at Request.<anonymous> (/usr/local/lib/node_modules/yarn/lib/cli.js:129990:10)
      at Request.emit (events.js:188:13)
      at IncomingMessage.<anonymous> (/usr/local/lib/node_modules/yarn/lib/cli.js:129912:12)
      at Object.onceWrapper (events.js:276:13)
      at IncomingMessage.emit (events.js:193:15)
      at endReadableNT (_stream_readable.js:1129:12)
      at process.internalTickCallback (internal/process/next_tick.js:72:19)

npm manifest: 
  {
    "name": "labs12-slack-standup-BE",
    "version": "1.0.0",
    "main": "index.js",
    "scripts": {
      "start": "node index.js",
      "server": "nodemon index.js"
    },
    "repository": "https://github.com/labs12-slack-standup/labs12-slack-standup-BE.git",
    "author": "shaunmcarmody <shaun.carmody@live.co.uk>",
    "license": "MIT"
  }

yarn manifest: 
  No manifest

Lockfile: 
  No lockfile
